[11-Dec-2017 08:08:46 UTC] PHP Warning:  require(/Applications/AMPPS/www/projects/pankaj/bluepalace.dev/wp-includes/SimplePie/Parse/Date.php): failed to open stream: No such file or directory in /Applications/AMPPS/www/projects/pankaj/bluepalace.dev/wp-includes/class-simplepie.php on line 16
[11-Dec-2017 08:08:46 UTC] PHP Warning:  require(/Applications/AMPPS/www/projects/pankaj/bluepalace.dev/wp-includes/SimplePie/Parse/Date.php): failed to open stream: No such file or directory in /Applications/AMPPS/www/projects/pankaj/bluepalace.dev/wp-includes/class-simplepie.php on line 16
[11-Dec-2017 08:08:46 UTC] PHP Fatal error:  require(): Failed opening required '/Applications/AMPPS/www/projects/pankaj/bluepalace.dev/wp-includes/SimplePie/Parse/Date.php' (include_path='.:') in /Applications/AMPPS/www/projects/pankaj/bluepalace.dev/wp-includes/class-simplepie.php on line 16
[13-Dec-2017 06:07:42 UTC] PHP Warning:  require(/Applications/AMPPS/www/projects/pankaj/bluepalace.dev/wp-includes/SimplePie/Parse/Date.php): failed to open stream: No such file or directory in /Applications/AMPPS/www/projects/pankaj/bluepalace.dev/wp-includes/class-simplepie.php on line 16
[13-Dec-2017 06:07:42 UTC] PHP Warning:  require(/Applications/AMPPS/www/projects/pankaj/bluepalace.dev/wp-includes/SimplePie/Parse/Date.php): failed to open stream: No such file or directory in /Applications/AMPPS/www/projects/pankaj/bluepalace.dev/wp-includes/class-simplepie.php on line 16
[13-Dec-2017 06:07:42 UTC] PHP Fatal error:  require(): Failed opening required '/Applications/AMPPS/www/projects/pankaj/bluepalace.dev/wp-includes/SimplePie/Parse/Date.php' (include_path='.:') in /Applications/AMPPS/www/projects/pankaj/bluepalace.dev/wp-includes/class-simplepie.php on line 16
[14-Dec-2017 04:35:27 UTC] PHP Warning:  require(/Applications/AMPPS/www/projects/pankaj/bluepalace.dev/wp-includes/SimplePie/Parse/Date.php): failed to open stream: No such file or directory in /Applications/AMPPS/www/projects/pankaj/bluepalace.dev/wp-includes/class-simplepie.php on line 16
[14-Dec-2017 04:35:27 UTC] PHP Warning:  require(/Applications/AMPPS/www/projects/pankaj/bluepalace.dev/wp-includes/SimplePie/Parse/Date.php): failed to open stream: No such file or directory in /Applications/AMPPS/www/projects/pankaj/bluepalace.dev/wp-includes/class-simplepie.php on line 16
[14-Dec-2017 04:35:27 UTC] PHP Fatal error:  require(): Failed opening required '/Applications/AMPPS/www/projects/pankaj/bluepalace.dev/wp-includes/SimplePie/Parse/Date.php' (include_path='.:') in /Applications/AMPPS/www/projects/pankaj/bluepalace.dev/wp-includes/class-simplepie.php on line 16
[14-Dec-2017 06:21:54 UTC] PHP Warning:  require(/Applications/AMPPS/www/projects/pankaj/bluepalace.dev/wp-includes/SimplePie/Parse/Date.php): failed to open stream: No such file or directory in /Applications/AMPPS/www/projects/pankaj/bluepalace.dev/wp-includes/class-simplepie.php on line 16
[14-Dec-2017 06:21:54 UTC] PHP Warning:  require(/Applications/AMPPS/www/projects/pankaj/bluepalace.dev/wp-includes/SimplePie/Parse/Date.php): failed to open stream: No such file or directory in /Applications/AMPPS/www/projects/pankaj/bluepalace.dev/wp-includes/class-simplepie.php on line 16
[14-Dec-2017 06:21:54 UTC] PHP Fatal error:  require(): Failed opening required '/Applications/AMPPS/www/projects/pankaj/bluepalace.dev/wp-includes/SimplePie/Parse/Date.php' (include_path='.:') in /Applications/AMPPS/www/projects/pankaj/bluepalace.dev/wp-includes/class-simplepie.php on line 16
[15-Dec-2017 13:27:21 UTC] PHP Warning:  require(/Applications/AMPPS/www/projects/pankaj/bluepalace.demo/wp-includes/SimplePie/Parse/Date.php): failed to open stream: No such file or directory in /Applications/AMPPS/www/projects/pankaj/bluepalace.demo/wp-includes/class-simplepie.php on line 16
[15-Dec-2017 13:27:21 UTC] PHP Warning:  require(/Applications/AMPPS/www/projects/pankaj/bluepalace.demo/wp-includes/SimplePie/Parse/Date.php): failed to open stream: No such file or directory in /Applications/AMPPS/www/projects/pankaj/bluepalace.demo/wp-includes/class-simplepie.php on line 16
[15-Dec-2017 13:27:21 UTC] PHP Fatal error:  require(): Failed opening required '/Applications/AMPPS/www/projects/pankaj/bluepalace.demo/wp-includes/SimplePie/Parse/Date.php' (include_path='.:') in /Applications/AMPPS/www/projects/pankaj/bluepalace.demo/wp-includes/class-simplepie.php on line 16
[15-Dec-2017 13:27:48 UTC] PHP Warning:  require(/Applications/AMPPS/www/projects/pankaj/bluepalace.demo/wp-includes/SimplePie/Parse/Date.php): failed to open stream: No such file or directory in /Applications/AMPPS/www/projects/pankaj/bluepalace.demo/wp-includes/class-simplepie.php on line 16
[15-Dec-2017 13:27:48 UTC] PHP Warning:  require(/Applications/AMPPS/www/projects/pankaj/bluepalace.demo/wp-includes/SimplePie/Parse/Date.php): failed to open stream: No such file or directory in /Applications/AMPPS/www/projects/pankaj/bluepalace.demo/wp-includes/class-simplepie.php on line 16
[15-Dec-2017 13:27:48 UTC] PHP Fatal error:  require(): Failed opening required '/Applications/AMPPS/www/projects/pankaj/bluepalace.demo/wp-includes/SimplePie/Parse/Date.php' (include_path='.:') in /Applications/AMPPS/www/projects/pankaj/bluepalace.demo/wp-includes/class-simplepie.php on line 16
[15-Dec-2017 13:28:31 UTC] PHP Warning:  call_user_func_array() expects parameter 1 to be a valid callback, function 'ct_option_setup' not found or invalid function name in /Applications/AMPPS/www/projects/pankaj/bluepalace.demo/wp-includes/plugin.php on line 524
[19-Dec-2017 04:58:03 UTC] PHP Warning:  require(/Applications/AMPPS/www/projects/pankaj/bluepalace.demo/wp-includes/SimplePie/Parse/Date.php): failed to open stream: No such file or directory in /Applications/AMPPS/www/projects/pankaj/bluepalace.demo/wp-includes/class-simplepie.php on line 16
[19-Dec-2017 04:58:03 UTC] PHP Warning:  require(/Applications/AMPPS/www/projects/pankaj/bluepalace.demo/wp-includes/SimplePie/Parse/Date.php): failed to open stream: No such file or directory in /Applications/AMPPS/www/projects/pankaj/bluepalace.demo/wp-includes/class-simplepie.php on line 16
[19-Dec-2017 04:58:03 UTC] PHP Fatal error:  require(): Failed opening required '/Applications/AMPPS/www/projects/pankaj/bluepalace.demo/wp-includes/SimplePie/Parse/Date.php' (include_path='.:') in /Applications/AMPPS/www/projects/pankaj/bluepalace.demo/wp-includes/class-simplepie.php on line 16
[08-Mar-2018 06:57:41 UTC] PHP Warning:  require(/Applications/AMPPS/www/projects/pankaj/blue.palace/wp-includes/SimplePie/Parse/Date.php): failed to open stream: No such file or directory in /Applications/AMPPS/www/projects/pankaj/blue.palace/wp-includes/class-simplepie.php on line 16
[08-Mar-2018 06:57:41 UTC] PHP Warning:  require(/Applications/AMPPS/www/projects/pankaj/blue.palace/wp-includes/SimplePie/Parse/Date.php): failed to open stream: No such file or directory in /Applications/AMPPS/www/projects/pankaj/blue.palace/wp-includes/class-simplepie.php on line 16
[08-Mar-2018 06:57:41 UTC] PHP Fatal error:  require(): Failed opening required '/Applications/AMPPS/www/projects/pankaj/blue.palace/wp-includes/SimplePie/Parse/Date.php' (include_path='.:') in /Applications/AMPPS/www/projects/pankaj/blue.palace/wp-includes/class-simplepie.php on line 16
[30-Aug-2018 09:42:47 UTC] PHP Fatal error:  Uncaught Error: [] operator not supported for strings in /Applications/AMPPS/www/projects/pankaj/blue.palace/wp-content/plugins/revslider/includes/framework/base-admin.class.php:71
Stack trace:
#0 /Applications/AMPPS/www/projects/pankaj/blue.palace/wp-content/plugins/revslider/admin/revslider-admin.class.php(572): RevSliderBaseAdmin::addMetaBox('Revolution Slid...', '', Array, NULL)
#1 /Applications/AMPPS/www/projects/pankaj/blue.palace/wp-content/plugins/revslider/admin/revslider-admin.class.php(73): RevSliderAdmin->addSliderMetaBox()
#2 /Applications/AMPPS/www/projects/pankaj/blue.palace/wp-content/plugins/revslider/admin/revslider-admin.class.php(44): RevSliderAdmin->init()
#3 /Applications/AMPPS/www/projects/pankaj/blue.palace/wp-content/plugins/revslider/revslider.php(162): RevSliderAdmin->__construct('/Applications/A...')
#4 /Applications/AMPPS/www/projects/pankaj/blue.palace/wp-settings.php(273): include_once('/Applications/A...')
#5 /Applications/AMPPS/www/projects/pankaj/blue.palace/wp-config.php(104 in /Applications/AMPPS/www/projects/pankaj/blue.palace/wp-content/plugins/revslider/includes/framework/base-admin.class.php on line 71
[30-Aug-2018 09:43:01 UTC] PHP Fatal error:  Uncaught Error: [] operator not supported for strings in /Applications/AMPPS/www/projects/pankaj/blue.palace/wp-content/plugins/revslider/includes/framework/base-admin.class.php:71
Stack trace:
#0 /Applications/AMPPS/www/projects/pankaj/blue.palace/wp-content/plugins/revslider/admin/revslider-admin.class.php(572): RevSliderBaseAdmin::addMetaBox('Revolution Slid...', '', Array, NULL)
#1 /Applications/AMPPS/www/projects/pankaj/blue.palace/wp-content/plugins/revslider/admin/revslider-admin.class.php(73): RevSliderAdmin->addSliderMetaBox()
#2 /Applications/AMPPS/www/projects/pankaj/blue.palace/wp-content/plugins/revslider/admin/revslider-admin.class.php(44): RevSliderAdmin->init()
#3 /Applications/AMPPS/www/projects/pankaj/blue.palace/wp-content/plugins/revslider/revslider.php(162): RevSliderAdmin->__construct('/Applications/A...')
#4 /Applications/AMPPS/www/projects/pankaj/blue.palace/wp-settings.php(273): include_once('/Applications/A...')
#5 /Applications/AMPPS/www/projects/pankaj/blue.palace/wp-config.php(104 in /Applications/AMPPS/www/projects/pankaj/blue.palace/wp-content/plugins/revslider/includes/framework/base-admin.class.php on line 71
[31-Aug-2018 05:39:34 UTC] PHP Parse error:  syntax error, unexpected ')' in /Applications/AMPPS/www/projects/pankaj/blue.palace/wp-content/themes/bluepalace/functions.php on line 508
[31-Aug-2018 05:39:46 UTC] PHP Warning:  Parameter 1 to wp_default_styles() expected to be a reference, value given in /Applications/AMPPS/www/projects/pankaj/blue.palace/wp-includes/plugin.php on line 600
[31-Aug-2018 05:39:46 UTC] PHP Warning:  Parameter 1 to wp_default_scripts() expected to be a reference, value given in /Applications/AMPPS/www/projects/pankaj/blue.palace/wp-includes/plugin.php on line 600
[31-Aug-2018 05:41:03 UTC] PHP Warning:  Parameter 1 to wp_default_styles() expected to be a reference, value given in /Applications/AMPPS/www/projects/pankaj/blue.palace/wp-includes/plugin.php on line 600
[31-Aug-2018 05:41:03 UTC] PHP Warning:  Parameter 1 to wp_default_scripts() expected to be a reference, value given in /Applications/AMPPS/www/projects/pankaj/blue.palace/wp-includes/plugin.php on line 600
[31-Aug-2018 06:11:57 UTC] PHP Fatal error:  Uncaught Error: [] operator not supported for strings in /Applications/AMPPS/www/projects/pankaj/blue.palace/wp-content/plugins/revslider/includes/framework/base-admin.class.php:71
Stack trace:
#0 /Applications/AMPPS/www/projects/pankaj/blue.palace/wp-content/plugins/revslider/admin/revslider-admin.class.php(572): RevSliderBaseAdmin::addMetaBox('Revolution Slid...', '', Array, NULL)
#1 /Applications/AMPPS/www/projects/pankaj/blue.palace/wp-content/plugins/revslider/admin/revslider-admin.class.php(73): RevSliderAdmin->addSliderMetaBox()
#2 /Applications/AMPPS/www/projects/pankaj/blue.palace/wp-content/plugins/revslider/admin/revslider-admin.class.php(44): RevSliderAdmin->init()
#3 /Applications/AMPPS/www/projects/pankaj/blue.palace/wp-content/plugins/revslider/revslider.php(162): RevSliderAdmin->__construct('/Applications/A...')
#4 /Applications/AMPPS/www/projects/pankaj/blue.palace/wp-settings.php(273): include_once('/Applications/A...')
#5 /Applications/AMPPS/www/projects/pankaj/blue.palace/wp-config.php(104 in /Applications/AMPPS/www/projects/pankaj/blue.palace/wp-content/plugins/revslider/includes/framework/base-admin.class.php on line 71
[31-Aug-2018 06:17:11 UTC] PHP Fatal error:  Uncaught Error: [] operator not supported for strings in /Applications/AMPPS/www/projects/pankaj/blue.palace/wp-content/plugins/revslider/includes/framework/base-admin.class.php:71
Stack trace:
#0 /Applications/AMPPS/www/projects/pankaj/blue.palace/wp-content/plugins/revslider/admin/revslider-admin.class.php(572): RevSliderBaseAdmin::addMetaBox('Revolution Slid...', '', Array, NULL)
#1 /Applications/AMPPS/www/projects/pankaj/blue.palace/wp-content/plugins/revslider/admin/revslider-admin.class.php(73): RevSliderAdmin->addSliderMetaBox()
#2 /Applications/AMPPS/www/projects/pankaj/blue.palace/wp-content/plugins/revslider/admin/revslider-admin.class.php(44): RevSliderAdmin->init()
#3 /Applications/AMPPS/www/projects/pankaj/blue.palace/wp-content/plugins/revslider/revslider.php(162): RevSliderAdmin->__construct('/Applications/A...')
#4 /Applications/AMPPS/www/projects/pankaj/blue.palace/wp-settings.php(273): include_once('/Applications/A...')
#5 /Applications/AMPPS/www/projects/pankaj/blue.palace/wp-config.php(104 in /Applications/AMPPS/www/projects/pankaj/blue.palace/wp-content/plugins/revslider/includes/framework/base-admin.class.php on line 71
[31-Aug-2018 06:17:14 UTC] PHP Fatal error:  Uncaught Error: [] operator not supported for strings in /Applications/AMPPS/www/projects/pankaj/blue.palace/wp-content/plugins/revslider/includes/framework/base-admin.class.php:71
Stack trace:
#0 /Applications/AMPPS/www/projects/pankaj/blue.palace/wp-content/plugins/revslider/admin/revslider-admin.class.php(572): RevSliderBaseAdmin::addMetaBox('Revolution Slid...', '', Array, NULL)
#1 /Applications/AMPPS/www/projects/pankaj/blue.palace/wp-content/plugins/revslider/admin/revslider-admin.class.php(73): RevSliderAdmin->addSliderMetaBox()
#2 /Applications/AMPPS/www/projects/pankaj/blue.palace/wp-content/plugins/revslider/admin/revslider-admin.class.php(44): RevSliderAdmin->init()
#3 /Applications/AMPPS/www/projects/pankaj/blue.palace/wp-content/plugins/revslider/revslider.php(162): RevSliderAdmin->__construct('/Applications/A...')
#4 /Applications/AMPPS/www/projects/pankaj/blue.palace/wp-settings.php(273): include_once('/Applications/A...')
#5 /Applications/AMPPS/www/projects/pankaj/blue.palace/wp-config.php(104 in /Applications/AMPPS/www/projects/pankaj/blue.palace/wp-content/plugins/revslider/includes/framework/base-admin.class.php on line 71
[31-Aug-2018 06:18:05 UTC] PHP Warning:  require(/Applications/AMPPS/www/projects/pankaj/blue.palace/wp-includes/SimplePie/Parse/Date.php): failed to open stream: No such file or directory in /Applications/AMPPS/www/projects/pankaj/blue.palace/wp-includes/class-simplepie.php on line 16
[31-Aug-2018 06:18:05 UTC] PHP Warning:  require(/Applications/AMPPS/www/projects/pankaj/blue.palace/wp-includes/SimplePie/Parse/Date.php): failed to open stream: No such file or directory in /Applications/AMPPS/www/projects/pankaj/blue.palace/wp-includes/class-simplepie.php on line 16
[31-Aug-2018 06:18:05 UTC] PHP Fatal error:  require(): Failed opening required '/Applications/AMPPS/www/projects/pankaj/blue.palace/wp-includes/SimplePie/Parse/Date.php' (include_path='.:') in /Applications/AMPPS/www/projects/pankaj/blue.palace/wp-includes/class-simplepie.php on line 16
[31-Aug-2018 11:04:07 UTC] PHP Warning:  require(/Applications/AMPPS/www/projects/pankaj/blue.palace/wp-includes/SimplePie/Parse/Date.php): failed to open stream: No such file or directory in /Applications/AMPPS/www/projects/pankaj/blue.palace/wp-includes/class-simplepie.php on line 16
[31-Aug-2018 11:04:07 UTC] PHP Warning:  require(/Applications/AMPPS/www/projects/pankaj/blue.palace/wp-includes/SimplePie/Parse/Date.php): failed to open stream: No such file or directory in /Applications/AMPPS/www/projects/pankaj/blue.palace/wp-includes/class-simplepie.php on line 16
[31-Aug-2018 11:04:07 UTC] PHP Fatal error:  require(): Failed opening required '/Applications/AMPPS/www/projects/pankaj/blue.palace/wp-includes/SimplePie/Parse/Date.php' (include_path='.:') in /Applications/AMPPS/www/projects/pankaj/blue.palace/wp-includes/class-simplepie.php on line 16
[03-Sep-2018 10:31:44 UTC] PHP Warning:  Parameter 1 to wp_default_scripts() expected to be a reference, value given in /Applications/AMPPS/www/projects/pankaj/blue.palace/wp-includes/plugin.php on line 600
[03-Sep-2018 10:31:44 UTC] PHP Warning:  Parameter 1 to wp_default_scripts() expected to be a reference, value given in /Applications/AMPPS/www/projects/pankaj/blue.palace/wp-includes/plugin.php on line 600
[03-Sep-2018 10:31:44 UTC] PHP Warning:  Parameter 1 to wp_default_scripts() expected to be a reference, value given in /Applications/AMPPS/www/projects/pankaj/blue.palace/wp-includes/plugin.php on line 600
[03-Sep-2018 10:31:44 UTC] PHP Warning:  Parameter 1 to wp_default_styles() expected to be a reference, value given in /Applications/AMPPS/www/projects/pankaj/blue.palace/wp-includes/plugin.php on line 600
[03-Sep-2018 10:31:44 UTC] PHP Warning:  Parameter 1 to wp_default_styles() expected to be a reference, value given in /Applications/AMPPS/www/projects/pankaj/blue.palace/wp-includes/plugin.php on line 600
[03-Sep-2018 10:31:44 UTC] PHP Warning:  Parameter 1 to wp_default_styles() expected to be a reference, value given in /Applications/AMPPS/www/projects/pankaj/blue.palace/wp-includes/plugin.php on line 600
[04-Sep-2018 04:05:50 UTC] PHP Warning:  require(/Applications/AMPPS/www/projects/pankaj/blue.palace/wp-includes/SimplePie/Parse/Date.php): failed to open stream: No such file or directory in /Applications/AMPPS/www/projects/pankaj/blue.palace/wp-includes/class-simplepie.php on line 16
[04-Sep-2018 04:05:50 UTC] PHP Warning:  require(/Applications/AMPPS/www/projects/pankaj/blue.palace/wp-includes/SimplePie/Parse/Date.php): failed to open stream: No such file or directory in /Applications/AMPPS/www/projects/pankaj/blue.palace/wp-includes/class-simplepie.php on line 16
[04-Sep-2018 04:05:50 UTC] PHP Fatal error:  require(): Failed opening required '/Applications/AMPPS/www/projects/pankaj/blue.palace/wp-includes/SimplePie/Parse/Date.php' (include_path='.:') in /Applications/AMPPS/www/projects/pankaj/blue.palace/wp-includes/class-simplepie.php on line 16
[07-Sep-2018 08:34:11 UTC] PHP Warning:  require(/Applications/AMPPS/www/projects/pankaj/blue.palace/wp-includes/SimplePie/Parse/Date.php): failed to open stream: No such file or directory in /Applications/AMPPS/www/projects/pankaj/blue.palace/wp-includes/class-simplepie.php on line 16
[07-Sep-2018 08:34:11 UTC] PHP Warning:  require(/Applications/AMPPS/www/projects/pankaj/blue.palace/wp-includes/SimplePie/Parse/Date.php): failed to open stream: No such file or directory in /Applications/AMPPS/www/projects/pankaj/blue.palace/wp-includes/class-simplepie.php on line 16
[07-Sep-2018 08:34:11 UTC] PHP Fatal error:  require(): Failed opening required '/Applications/AMPPS/www/projects/pankaj/blue.palace/wp-includes/SimplePie/Parse/Date.php' (include_path='.:') in /Applications/AMPPS/www/projects/pankaj/blue.palace/wp-includes/class-simplepie.php on line 16
[11-Sep-2018 05:00:27 UTC] PHP Warning:  require(/Applications/AMPPS/www/projects/pankaj/blue.palace/wp-includes/SimplePie/Parse/Date.php): failed to open stream: No such file or directory in /Applications/AMPPS/www/projects/pankaj/blue.palace/wp-includes/class-simplepie.php on line 16
[11-Sep-2018 05:00:27 UTC] PHP Warning:  require(/Applications/AMPPS/www/projects/pankaj/blue.palace/wp-includes/SimplePie/Parse/Date.php): failed to open stream: No such file or directory in /Applications/AMPPS/www/projects/pankaj/blue.palace/wp-includes/class-simplepie.php on line 16
[11-Sep-2018 05:00:27 UTC] PHP Fatal error:  require(): Failed opening required '/Applications/AMPPS/www/projects/pankaj/blue.palace/wp-includes/SimplePie/Parse/Date.php' (include_path='.:') in /Applications/AMPPS/www/projects/pankaj/blue.palace/wp-includes/class-simplepie.php on line 16
[14-Sep-2018 04:43:44 UTC] PHP Warning:  require(/Applications/AMPPS/www/projects/pankaj/blue.palace/wp-includes/SimplePie/Parse/Date.php): failed to open stream: No such file or directory in /Applications/AMPPS/www/projects/pankaj/blue.palace/wp-includes/class-simplepie.php on line 16
[14-Sep-2018 04:43:44 UTC] PHP Warning:  require(/Applications/AMPPS/www/projects/pankaj/blue.palace/wp-includes/SimplePie/Parse/Date.php): failed to open stream: No such file or directory in /Applications/AMPPS/www/projects/pankaj/blue.palace/wp-includes/class-simplepie.php on line 16
[14-Sep-2018 04:43:44 UTC] PHP Fatal error:  require(): Failed opening required '/Applications/AMPPS/www/projects/pankaj/blue.palace/wp-includes/SimplePie/Parse/Date.php' (include_path='.:') in /Applications/AMPPS/www/projects/pankaj/blue.palace/wp-includes/class-simplepie.php on line 16
[20-Sep-2018 06:28:28 UTC] PHP Warning:  require(/Applications/AMPPS/www/projects/pankaj/blue.palace/wp-includes/SimplePie/Parse/Date.php): failed to open stream: No such file or directory in /Applications/AMPPS/www/projects/pankaj/blue.palace/wp-includes/class-simplepie.php on line 16
[20-Sep-2018 06:28:28 UTC] PHP Warning:  require(/Applications/AMPPS/www/projects/pankaj/blue.palace/wp-includes/SimplePie/Parse/Date.php): failed to open stream: No such file or directory in /Applications/AMPPS/www/projects/pankaj/blue.palace/wp-includes/class-simplepie.php on line 16
[20-Sep-2018 06:28:28 UTC] PHP Fatal error:  require(): Failed opening required '/Applications/AMPPS/www/projects/pankaj/blue.palace/wp-includes/SimplePie/Parse/Date.php' (include_path='.:') in /Applications/AMPPS/www/projects/pankaj/blue.palace/wp-includes/class-simplepie.php on line 16
[20-Sep-2018 08:30:37 UTC] PHP Warning:  require(/Applications/AMPPS/www/projects/pankaj/blue.palace/wp-includes/SimplePie/Parse/Date.php): failed to open stream: No such file or directory in /Applications/AMPPS/www/projects/pankaj/blue.palace/wp-includes/class-simplepie.php on line 16
[20-Sep-2018 08:30:37 UTC] PHP Warning:  require(/Applications/AMPPS/www/projects/pankaj/blue.palace/wp-includes/SimplePie/Parse/Date.php): failed to open stream: No such file or directory in /Applications/AMPPS/www/projects/pankaj/blue.palace/wp-includes/class-simplepie.php on line 16
[20-Sep-2018 08:30:37 UTC] PHP Fatal error:  require(): Failed opening required '/Applications/AMPPS/www/projects/pankaj/blue.palace/wp-includes/SimplePie/Parse/Date.php' (include_path='.:') in /Applications/AMPPS/www/projects/pankaj/blue.palace/wp-includes/class-simplepie.php on line 16
